============================= test session starts =============================
platform win32 -- Python 3.13.9, pytest-7.4.3, pluggy-1.6.0 -- C:\Users\berginjohn\AppData\Local\Microsoft\WindowsApps\PythonSoftwareFoundation.Python.3.13_qbz5n2kfra8p0\python.exe
cachedir: .pytest_cache
hypothesis profile 'default' -> database=DirectoryBasedExampleDatabase(WindowsPath('C:/Users/berginjohn/App/PitchTracker/.hypothesis/examples'))
rootdir: C:\Users\berginjohn\App\PitchTracker
plugins: hypothesis-6.92.2, cov-4.1.0
collecting ... collected 376 items / 1 deselected / 375 selected

scripts/test_integration.py::test_imports PASSED                         [  0%]
scripts/test_integration.py::test_initialization PASSED                  [  0%]
scripts/test_ml_data_export.py::test_ml_data_export ERROR                [  0%]
tests/test_camera_manager.py::TestCameraManagerInitialization::test_initial_state PASSED [  1%]
tests/test_camera_manager.py::TestCameraManagerInitialization::test_callbacks_can_be_set PASSED [  1%]
tests/test_camera_manager.py::TestCameraManagerStartCapture::test_start_capture_opens_cameras PASSED [  1%]
tests/test_camera_manager.py::TestCameraManagerStartCapture::test_start_capture_configures_cameras PASSED [  1%]
tests/test_camera_manager.py::TestCameraManagerStartCapture::test_start_capture_starts_threads PASSED [  2%]
tests/test_camera_manager.py::TestCameraManagerStartCapture::test_start_capture_failure_cleans_up PASSED [  2%]
tests/test_camera_manager.py::TestCameraManagerStopCapture::test_stop_capture_stops_threads PASSED [  2%]
tests/test_camera_manager.py::TestCameraManagerStopCapture::test_stop_capture_closes_cameras PASSED [  2%]
tests/test_camera_manager.py::TestCameraManagerStopCapture::test_stop_capture_is_idempotent PASSED [  3%]
tests/test_camera_manager.py::TestFrameValidation::test_validate_frame_accepts_valid_frame PASSED [  3%]
tests/test_camera_manager.py::TestFrameValidation::test_validate_frame_rejects_none_frame PASSED [  3%]
tests/test_camera_manager.py::TestFrameValidation::test_validate_frame_rejects_none_image PASSED [  4%]
tests/test_camera_manager.py::TestFrameValidation::test_validate_frame_rejects_invalid_dimensions PASSED [  4%]
tests/test_camera_manager.py::TestFrameValidation::test_validate_frame_rejects_all_zero_image PASSED [  4%]
tests/test_camera_manager.py::TestFrameCallback::test_callback_invoked_on_frame PASSED [  4%]
tests/test_camera_manager.py::TestErrorHandling::test_consecutive_failures_trigger_error PASSED [  5%]
tests/test_camera_manager.py::TestErrorHandling::test_timeout_errors_not_counted_as_failures PASSED [  5%]
tests/test_camera_reconnection.py::TestCameraReconnectionManager::test_exponential_backoff_delays PASSED [  5%]
tests/test_camera_reconnection.py::TestCameraReconnectionManager::test_failed_reconnection PASSED [  5%]
tests/test_camera_reconnection.py::TestCameraReconnectionManager::test_multiple_cameras PASSED [  6%]
tests/test_camera_reconnection.py::TestCameraReconnectionManager::test_register_camera PASSED [  6%]
tests/test_camera_reconnection.py::TestCameraReconnectionManager::test_report_connection_success PASSED [  6%]
tests/test_camera_reconnection.py::TestCameraReconnectionManager::test_report_disconnection PASSED [  6%]
tests/test_camera_reconnection.py::TestCameraReconnectionManager::test_state_change_callback PASSED [  7%]
tests/test_camera_reconnection.py::TestCameraReconnectionManager::test_successful_reconnection PASSED [  7%]
tests/test_camera_reconnection.py::TestCameraReconnectionManager::test_thread_cleanup_on_unregister PASSED [  7%]
tests/test_camera_reconnection.py::TestCameraReconnectionManager::test_unregister_camera PASSED [  8%]
tests/test_camera_setup.py::TestOpenCVCameraInitialization::test_opencv_camera_no_init_args PASSED [  8%]
tests/test_camera_setup.py::TestOpenCVCameraInitialization::test_opencv_camera_requires_numeric_index PASSED [  8%]
tests/test_camera_setup.py::TestOpenCVCameraInitialization::test_opencv_camera_api_sequence FAILED [  8%]
tests/test_camera_setup.py::TestUVCCameraInitialization::test_uvc_camera_no_init_args PASSED [  9%]
tests/test_camera_setup.py::TestUVCCameraInitialization::test_uvc_camera_api_sequence FAILED [  9%]
tests/test_camera_setup.py::TestCameraSetupWorkflow::test_opencv_backend_workflow FAILED [  9%]
tests/test_camera_setup.py::TestCameraSetupWorkflow::test_uvc_backend_workflow FAILED [  9%]
tests/test_camera_setup.py::TestIndexExtraction::test_extract_index_from_camera_string PASSED [ 10%]
tests/test_camera_setup.py::TestVideoFrameReading::test_frame_has_required_attributes PASSED [ 10%]
tests/test_camera_setup.py::TestVideoFrameReading::test_grayscale_to_bgr_conversion PASSED [ 10%]
tests/test_cleanup_manager.py::TestCleanupTask::test_cleanup_task_creation PASSED [ 10%]
tests/test_cleanup_manager.py::TestCleanupTask::test_cleanup_task_defaults PASSED [ 11%]
tests/test_cleanup_manager.py::TestCleanupManager::test_cleanup_calls_registered_tasks PASSED [ 11%]
tests/test_cleanup_manager.py::TestCleanupManager::test_cleanup_in_progress_blocks PASSED [ 11%]
tests/test_cleanup_manager.py::TestCleanupManager::test_cleanup_task_timeout PASSED [ 12%]
tests/test_cleanup_manager.py::TestCleanupManager::test_critical_task_failure_reported PASSED [ 12%]
tests/test_cleanup_manager.py::TestCleanupManager::test_non_critical_task_failure_continues PASSED [ 12%]
tests/test_cleanup_manager.py::TestCleanupManager::test_register_cleanup_task PASSED [ 12%]
tests/test_cleanup_manager.py::TestCleanupManager::test_task_execution_order PASSED [ 13%]
tests/test_cleanup_manager.py::TestCleanupManager::test_unregister_cleanup_task PASSED [ 13%]
tests/test_cleanup_manager.py::TestCleanupManager::test_unregister_nonexistent_task PASSED [ 13%]
tests/test_cleanup_manager.py::TestCleanupManager::test_verify_cleanup PASSED [ 13%]
tests/test_cleanup_manager.py::TestSessionCleanupVerifier::test_register_expected_file PASSED [ 14%]
tests/test_cleanup_manager.py::TestSessionCleanupVerifier::test_register_handle_to_close PASSED [ 14%]
tests/test_cleanup_manager.py::TestSessionCleanupVerifier::test_verify_empty_file_fails PASSED [ 14%]
tests/test_cleanup_manager.py::TestSessionCleanupVerifier::test_verify_existing_file_succeeds PASSED [ 14%]
tests/test_cleanup_manager.py::TestSessionCleanupVerifier::test_verify_missing_file_fails PASSED [ 15%]
tests/test_cleanup_manager.py::TestGlobalCleanupManager::test_get_cleanup_manager_singleton PASSED [ 15%]
tests/test_codec_fallback.py::TestCodecFallback::test_all_codecs_fail PASSED [ 15%]
tests/test_codec_fallback.py::TestCodecFallback::test_both_cameras_use_same_codec_sequence PASSED [ 16%]
tests/test_codec_fallback.py::TestCodecFallback::test_codec_success_logged PASSED [ 16%]
tests/test_codec_fallback.py::TestCodecFallback::test_fallback_to_second_codec PASSED [ 16%]
tests/test_codec_fallback.py::TestCodecFallback::test_first_codec_success PASSED [ 16%]
tests/test_codec_fallback.py::TestCodecFallback::test_left_writer_cleaned_up_if_right_fails PASSED [ 17%]
tests/test_codec_fallback.py::TestCodecFallback::test_release_called_on_failed_writers PASSED [ 17%]
tests/test_codec_fallback.py::TestCodecFallback::test_writer_receives_correct_parameters PASSED [ 17%]
tests/test_codec_fallback_integration.py::TestCodecFallbackIntegration::test_codec_fallback_all_fail FAILED [ 17%]
tests/test_codec_fallback_integration.py::TestCodecFallbackIntegration::test_codec_fallback_left_succeeds_right_fails FAILED [ 18%]
tests/test_codec_fallback_integration.py::TestCodecFallbackIntegration::test_codec_fallback_left_succeeds_right_fails ERROR [ 18%]
tests/test_codec_fallback_integration.py::TestCodecFallbackIntegration::test_codec_fallback_publishes_errors FAILED [ 18%]
tests/test_codec_fallback_integration.py::TestCodecFallbackIntegration::test_codec_fallback_sequence FAILED [ 18%]
tests/test_codec_fallback_integration.py::TestCodecFallbackIntegration::test_codec_fallback_sequence ERROR [ 18%]
tests/test_codec_fallback_integration.py::TestCodecFallbackIntegration::test_codec_fallback_with_mjpg_success PASSED [ 18%]
tests/test_codec_fallback_integration.py::TestCodecFallbackIntegration::test_codec_writes_frames_correctly FAILED [ 19%]
tests/test_codec_fallback_integration.py::TestCodecFallbackIntegration::test_codec_writes_frames_correctly ERROR [ 19%]
tests/test_config.py::test_load_config FAILED                            [ 19%]
tests/test_config_validator.py::TestConfigValidator::test_high_fps_warns PASSED [ 19%]
tests/test_config_validator.py::TestConfigValidator::test_invalid_baseline PASSED [ 20%]
tests/test_config_validator.py::TestConfigValidator::test_invalid_camera_height PASSED [ 20%]
tests/test_config_validator.py::TestConfigValidator::test_invalid_camera_width PASSED [ 20%]
tests/test_config_validator.py::TestConfigValidator::test_invalid_confidence_threshold PASSED [ 20%]
tests/test_config_validator.py::TestConfigValidator::test_invalid_focal_length PASSED [ 21%]
tests/test_config_validator.py::TestConfigValidator::test_invalid_fps PASSED [ 21%]
tests/test_config_validator.py::TestConfigValidator::test_invalid_recording_quality PASSED [ 21%]
tests/test_config_validator.py::TestConfigValidator::test_large_buffer_size_warns PASSED [ 21%]
tests/test_config_validator.py::TestConfigValidator::test_low_confidence_warns PASSED [ 22%]
tests/test_config_validator.py::TestConfigValidator::test_low_focal_length_warns PASSED [ 22%]
tests/test_config_validator.py::TestConfigValidator::test_missing_camera_config PASSED [ 22%]
tests/test_config_validator.py::TestConfigValidator::test_unusual_resolution_warns PASSED [ 22%]
tests/test_config_validator.py::TestConfigValidator::test_valid_config_passes PASSED [ 23%]
tests/test_config_validator.py::TestValidationError::test_validation_error_creation PASSED [ 23%]
tests/test_config_validator.py::TestValidationError::test_validation_error_default_severity PASSED [ 23%]
tests/test_contracts.py::test_contracts_instantiation PASSED             [ 24%]
tests/test_detection_error_handling.py::TestDetectionErrorHandling::test_detection_callback_exception_is_logged PASSED [ 24%]
tests/test_detection_error_handling.py::TestDetectionErrorHandling::test_error_callback_exception_does_not_crash PASSED [ 24%]
tests/test_detection_error_handling.py::TestDetectionErrorHandling::test_error_callback_invoked_after_threshold PASSED [ 24%]
tests/test_detection_error_handling.py::TestDetectionErrorHandling::test_error_counter_increments PASSED [ 25%]
tests/test_detection_error_handling.py::TestDetectionErrorHandling::test_error_counter_resets_on_success PASSED [ 25%]
tests/test_detection_error_handling.py::TestDetectionErrorHandling::test_error_logging_throttled FAILED [ 25%]
tests/test_detection_error_handling.py::TestDetectionErrorHandling::test_error_stats_per_camera PASSED [ 25%]
tests/test_detection_error_handling.py::TestDetectionErrorHandling::test_start_resets_error_counters PASSED [ 26%]
tests/test_detector_accuracy.py::test_detector_finds_ball PASSED         [ 26%]
tests/test_detector_accuracy.py::test_detector_rejects_small_blobs PASSED [ 26%]
tests/test_detector_accuracy.py::test_blob_circularity_filter FAILED     [ 26%]
tests/test_detector_accuracy.py::test_blob_area_filter FAILED            [ 27%]
tests/test_detector_accuracy.py::test_mode_a_vs_mode_b PASSED            [ 27%]
tests/test_device_discovery.py::TestUVCDeviceProbing::test_probe_uvc_devices_filters_virtual_cameras FAILED [ 27%]
tests/test_device_discovery.py::TestUVCDeviceProbing::test_probe_uvc_devices_caching PASSED [ 28%]
tests/test_device_discovery.py::TestUVCDeviceProbing::test_probe_uvc_devices_bypass_cache PASSED [ 28%]
tests/test_device_discovery.py::TestUVCDeviceProbing::test_clear_device_cache PASSED [ 28%]
tests/test_device_discovery.py::TestOpenCVIndexProbing::test_probe_opencv_indices_parallel FAILED [ 28%]
tests/test_device_discovery.py::TestOpenCVIndexProbing::test_probe_opencv_indices_sequential PASSED [ 29%]
tests/test_device_discovery.py::TestOpenCVIndexProbing::test_probe_opencv_indices_caching PASSED [ 29%]
tests/test_device_discovery.py::TestOpenCVIndexProbing::test_probe_opencv_reduced_max_index PASSED [ 29%]
tests/test_device_discovery.py::TestOpenCVIndexProbing::test_probe_opencv_timeout_protection PASSED [ 29%]
tests/test_device_discovery.py::TestUnifiedProbing::test_prefers_uvc_when_available PASSED [ 30%]
tests/test_device_discovery.py::TestUnifiedProbing::test_fallback_to_opencv_when_no_uvc PASSED [ 30%]
tests/test_device_discovery.py::TestUnifiedProbing::test_caching_applies_to_unified_probe PASSED [ 30%]
tests/test_device_discovery.py::TestDeviceDiscoveryPerformance::test_uvc_probe_is_fast PASSED [ 30%]
tests/test_device_discovery.py::TestDeviceDiscoveryPerformance::test_cached_probe_is_instant PASSED [ 31%]
tests/test_disk_space_monitoring.py::TestDiskSpaceMonitoring::test_check_disk_space_at_session_start PASSED [ 31%]
tests/test_disk_space_monitoring.py::TestDiskSpaceMonitoring::test_critical_disk_space_triggers_callback PASSED [ 31%]
tests/test_disk_space_monitoring.py::TestDiskSpaceMonitoring::test_disk_error_callback_exception_handled PASSED [ 32%]
tests/test_disk_space_monitoring.py::TestDiskSpaceMonitoring::test_monitoring_continues_after_exception PASSED [ 32%]
tests/test_disk_space_monitoring.py::TestDiskSpaceMonitoring::test_monitoring_stops_on_flag_change PASSED [ 32%]
tests/test_disk_space_monitoring.py::TestDiskSpaceMonitoring::test_sufficient_disk_space_no_warnings PASSED [ 32%]
tests/test_disk_space_monitoring.py::TestDiskSpaceMonitoring::test_warning_disk_space_logs_warning PASSED [ 33%]
tests/test_disk_space_monitoring.py::TestDiskSpaceMonitoring::test_warning_throttled_to_one_per_minute FAILED [ 33%]
tests/test_error_bus.py::TestErrorEvent::test_error_event_creation PASSED [ 33%]
tests/test_error_bus.py::TestErrorEvent::test_error_event_string_representation PASSED [ 33%]
tests/test_error_bus.py::TestErrorEventBus::test_clear_history PASSED    [ 34%]
tests/test_error_bus.py::TestErrorEventBus::test_error_counts PASSED     [ 34%]
tests/test_error_bus.py::TestErrorEventBus::test_event_history PASSED    [ 34%]
tests/test_error_bus.py::TestErrorEventBus::test_history_filtered_by_category PASSED [ 34%]
tests/test_error_bus.py::TestErrorEventBus::test_history_limit PASSED    [ 35%]
tests/test_error_bus.py::TestErrorEventBus::test_multiple_subscribers PASSED [ 35%]
tests/test_error_bus.py::TestErrorEventBus::test_subscribe_to_all_errors PASSED [ 35%]
tests/test_error_bus.py::TestErrorEventBus::test_subscribe_to_specific_category PASSED [ 36%]
tests/test_error_bus.py::TestErrorEventBus::test_subscriber_exception_does_not_crash PASSED [ 36%]
tests/test_error_bus.py::TestErrorEventBus::test_unsubscribe PASSED      [ 36%]
tests/test_error_bus.py::TestGlobalErrorBus::test_get_error_bus_singleton PASSED [ 36%]
tests/test_error_bus.py::TestGlobalErrorBus::test_publish_error_convenience_function PASSED [ 37%]
tests/test_interfaces.py::test_interfaces_are_abstract PASSED            [ 37%]
tests/test_lane_gate.py::test_lane_gate_filters_detections PASSED        [ 37%]
tests/test_lane_gate.py::test_stereo_lane_gate_filters_matches PASSED    [ 37%]
tests/test_memory_stress.py::TestMemoryStressTests::test_detection_pipeline_extended_operation FAILED [ 38%]
tests/test_memory_stress.py::TestMemoryStressTests::test_pitch_state_machine_multiple_pitches FAILED [ 38%]
tests/test_memory_stress.py::TestMemoryStressTests::test_rapid_start_stop_cycles FAILED [ 38%]
tests/test_memory_stress.py::TestMemoryStressTests::test_session_recorder_multiple_sessions FAILED [ 38%]
tests/test_memory_stress.py::TestMemoryStressTests::test_stereo_manager_extended_operation FAILED [ 39%]
tests/test_resource_leak_verification.py::TestResourceLeakVerification::test_detection_pool_extended_operation FAILED [ 39%]
tests/test_resource_leak_verification.py::TestResourceLeakVerification::test_detection_pool_no_thread_leak FAILED [ 39%]
tests/test_resource_leak_verification.py::TestResourceLeakVerification::test_memory_stability_during_detection FAILED [ 40%]
tests/test_resource_leak_verification.py::TestResourceLeakVerification::test_timeout_utils_handles_timeouts_without_leak PASSED [ 40%]
tests/test_resource_leak_verification.py::TestResourceLeakVerification::test_timeout_utils_no_thread_leak PASSED [ 40%]
tests/test_resource_limits.py::TestResourceLimits::test_default_values PASSED [ 40%]
tests/test_resource_limits.py::TestResourceLimits::test_is_cpu_critical PASSED [ 41%]
tests/test_resource_limits.py::TestResourceLimits::test_is_cpu_warning PASSED [ 41%]
tests/test_resource_limits.py::TestResourceLimits::test_is_disk_critical PASSED [ 41%]
tests/test_resource_limits.py::TestResourceLimits::test_is_disk_warning PASSED [ 41%]
tests/test_resource_limits.py::TestResourceLimits::test_is_memory_critical PASSED [ 42%]
tests/test_resource_limits.py::TestResourceLimits::test_is_memory_warning PASSED [ 42%]
tests/test_resource_limits.py::TestResourceLimits::test_validate_disk_thresholds_ordered PASSED [ 42%]
tests/test_resource_limits.py::TestResourceLimits::test_validate_invalid_cpu_percent PASSED [ 42%]
tests/test_resource_limits.py::TestResourceLimits::test_validate_negative_memory PASSED [ 43%]
tests/test_resource_limits.py::TestResourceLimits::test_validate_positive_queue_sizes PASSED [ 43%]
tests/test_resource_limits.py::TestResourceLimits::test_validate_positive_timeouts PASSED [ 43%]
tests/test_resource_limits.py::TestResourceLimits::test_validate_valid_limits PASSED [ 44%]
tests/test_resource_limits.py::TestResourceLimits::test_validate_warning_less_than_max PASSED [ 44%]
tests/test_resource_limits.py::TestGlobalResourceLimits::test_get_resource_limits_singleton PASSED [ 44%]
tests/test_resource_limits.py::TestGlobalResourceLimits::test_set_invalid_resource_limits PASSED [ 44%]
tests/test_resource_limits.py::TestGlobalResourceLimits::test_set_resource_limits PASSED [ 45%]
tests/test_simulated_detection.py::test_simulated_detection_and_triangulation PASSED [ 45%]
tests/test_state_corruption_recovery.py::TestStateCorruptionRecovery::test_error_metadata_includes_context FAILED [ 45%]
tests/test_state_corruption_recovery.py::TestStateCorruptionRecovery::test_multiple_callback_errors_all_published_to_error_bus FAILED [ 45%]
tests/test_state_corruption_recovery.py::TestStateCorruptionRecovery::test_on_pitch_end_callback_exception_recovers_state FAILED [ 46%]
tests/test_state_corruption_recovery.py::TestStateCorruptionRecovery::test_on_pitch_start_callback_exception_recovers_state FAILED [ 46%]
tests/test_state_corruption_recovery.py::TestStateCorruptionRecovery::test_state_corruption_during_start_callback_reverts_correctly FAILED [ 46%]
tests/test_state_corruption_recovery.py::TestStateCorruptionRecovery::test_state_machine_continues_after_callback_error FAILED [ 46%]
tests/test_stereo_triangulation.py::test_basic_triangulation FAILED      [ 47%]
tests/test_stereo_triangulation.py::test_triangulation_off_center FAILED [ 47%]
tests/test_stereo_triangulation.py::test_epipolar_constraint FAILED      [ 47%]
tests/test_stereo_triangulation.py::test_triangulation_accuracy_at_various_depths FAILED [ 48%]
tests/test_stereo_triangulation.py::test_zero_disparity_handling FAILED  [ 48%]
tests/test_strike_zone_accuracy.py::test_build_strike_zone PASSED        [ 48%]
tests/test_strike_zone_accuracy.py::test_center_strike FAILED            [ 48%]
tests/test_strike_zone_accuracy.py::test_ball_outside_zone FAILED        [ 49%]
tests/test_strike_zone_accuracy.py::test_ball_high FAILED                [ 49%]
tests/test_strike_zone_accuracy.py::test_ball_low FAILED                 [ 49%]
tests/test_strike_zone_accuracy.py::test_edge_strike FAILED              [ 49%]
tests/test_strike_zone_accuracy.py::test_zone_grid_corners FAILED        [ 50%]
tests/test_strike_zone_accuracy.py::test_softball_vs_baseball FAILED     [ 50%]
tests/test_system_stress.py::TestSystemStressTests::test_concurrent_detection_pools FAILED [ 50%]
tests/test_system_stress.py::TestSystemStressTests::test_extended_marathon_10_minutes FAILED [ 50%]
tests/test_system_stress.py::TestSystemStressTests::test_high_frame_rate_stress FAILED [ 51%]
tests/test_system_stress.py::TestSystemStressTests::test_multi_session_marathon FAILED [ 51%]
tests/test_system_stress.py::TestSystemStressTests::test_system_resource_limits FAILED [ 51%]
tests/test_timeout_cleanup.py::TestTimeoutCleanup::test_concurrent_timeout_operations PASSED [ 52%]
tests/test_timeout_cleanup.py::TestTimeoutCleanup::test_exception_in_operation_propagated PASSED [ 52%]
tests/test_timeout_cleanup.py::TestTimeoutCleanup::test_no_thread_leak_on_exception PASSED [ 52%]
tests/test_timeout_cleanup.py::TestTimeoutCleanup::test_no_thread_leak_on_success PASSED [ 52%]
tests/test_timeout_cleanup.py::TestTimeoutCleanup::test_no_thread_leak_on_timeout PASSED [ 53%]
tests/test_timeout_cleanup.py::TestTimeoutCleanup::test_operation_with_kwargs PASSED [ 53%]
tests/test_timeout_cleanup.py::TestTimeoutCleanup::test_operation_with_none_return PASSED [ 53%]
tests/test_timeout_cleanup.py::TestTimeoutCleanup::test_repeated_timeout_operations_stable PASSED [ 53%]
tests/test_timeout_cleanup.py::TestTimeoutCleanup::test_successful_operation_returns_result PASSED [ 54%]
tests/test_timeout_cleanup.py::TestTimeoutCleanup::test_timeout_logs_error PASSED [ 54%]
tests/test_timeout_cleanup.py::TestTimeoutCleanup::test_timeout_message_includes_duration PASSED [ 54%]
tests/test_timeout_cleanup.py::TestTimeoutCleanup::test_timeout_raises_camera_connection_error PASSED [ 54%]
tests/test_timeout_cleanup.py::TestTimeoutCleanup::test_very_fast_operation PASSED [ 55%]
tests/test_timeout_cleanup.py::TestTimeoutVsOldImplementation::test_thread_cleanup_comparison PASSED [ 55%]
tests/test_timeout_utils.py::TestRunWithTimeout::test_successful_operation_completes PASSED [ 55%]
tests/test_timeout_utils.py::TestRunWithTimeout::test_slow_operation_times_out PASSED [ 56%]
tests/test_timeout_utils.py::TestRunWithTimeout::test_exception_propagated PASSED [ 56%]
tests/test_timeout_utils.py::TestRunWithTimeout::test_timeout_with_arguments PASSED [ 56%]
tests/test_timeout_utils.py::TestRunWithTimeout::test_custom_error_message PASSED [ 56%]
tests/test_timeout_utils.py::TestExponentialBackoff::test_first_attempt_uses_base_delay PASSED [ 57%]
tests/test_timeout_utils.py::TestExponentialBackoff::test_second_attempt_doubles_delay PASSED [ 57%]
tests/test_timeout_utils.py::TestExponentialBackoff::test_delay_respects_max PASSED [ 57%]
tests/test_timeout_utils.py::TestExponentialBackoff::test_exponential_growth PASSED [ 57%]
tests/test_timeout_utils.py::TestRetryPolicy::test_default_policy PASSED [ 58%]
tests/test_timeout_utils.py::TestRetryPolicy::test_should_retry_on_correct_exception PASSED [ 58%]
tests/test_timeout_utils.py::TestRetryPolicy::test_should_not_retry_after_max_attempts PASSED [ 58%]
tests/test_timeout_utils.py::TestRetryPolicy::test_get_delay_calculates_backoff PASSED [ 58%]
tests/test_timeout_utils.py::TestRetryOnFailure::test_successful_first_attempt PASSED [ 59%]
tests/test_timeout_utils.py::TestRetryOnFailure::test_retries_on_failure PASSED [ 59%]
tests/test_timeout_utils.py::TestRetryOnFailure::test_exhausts_retries PASSED [ 59%]
tests/test_timeout_utils.py::TestRetryOnFailure::test_does_not_retry_wrong_exception PASSED [ 60%]
tests/test_timeout_utils.py::TestRetryOnFailure::test_preserves_function_metadata PASSED [ 60%]
tests/test_timeout_utils.py::TestRetryOnFailure::test_custom_retry_policy PASSED [ 60%]
tests/test_timeout_utils.py::TestTimeoutRetryIntegration::test_timeout_within_retry PASSED [ 60%]
tests/test_trajectory_radar.py::test_radar_outlier_detection PASSED      [ 61%]
tests/test_ui_imports.py::test_main_window_import PASSED                 [ 61%]
tests/test_ui_imports.py::test_main_window_direct_import PASSED          [ 61%]
tests/test_ui_imports.py::test_geometry_imports PASSED                   [ 61%]
tests/test_ui_imports.py::test_drawing_imports PASSED                    [ 62%]
tests/test_ui_imports.py::test_device_utils_imports PASSED               [ 62%]
tests/test_ui_imports.py::test_export_imports PASSED                     [ 62%]
tests/test_ui_imports.py::test_widgets_imports PASSED                    [ 62%]
tests/test_ui_imports.py::test_roi_label_direct_import PASSED            [ 63%]
tests/test_ui_imports.py::test_all_dialogs_package_import PASSED         [ 63%]
tests/test_ui_imports.py::test_simple_dialogs_direct_import PASSED       [ 63%]
tests/test_ui_imports.py::test_calibration_dialogs_direct_import PASSED  [ 64%]
tests/test_ui_imports.py::test_qt_app_entry_point PASSED                 [ 64%]
tests/test_ui_imports.py::test_no_circular_imports PASSED                [ 64%]
tests/test_ui_smoke.py::TestGeometryFunctions::test_points_to_rect PASSED [ 64%]
tests/test_ui_smoke.py::TestGeometryFunctions::test_normalize_rect_within_bounds PASSED [ 65%]
tests/test_ui_smoke.py::TestGeometryFunctions::test_normalize_rect_out_of_bounds PASSED [ 65%]
tests/test_ui_smoke.py::TestGeometryFunctions::test_rect_to_polygon PASSED [ 65%]
tests/test_ui_smoke.py::TestGeometryFunctions::test_polygon_to_rect PASSED [ 65%]
tests/test_ui_smoke.py::TestGeometryFunctions::test_roi_overlays_empty PASSED [ 66%]
tests/test_ui_smoke.py::TestGeometryFunctions::test_roi_overlays_single PASSED [ 66%]
tests/test_ui_smoke.py::TestDrawingFunctions::test_frame_to_pixmap_grayscale 